2025-11-22 15:05:32 - DEBUG - FRAMO_OT_export_to_web.execute: Starting...
2025-11-22 15:05:40 - DEBUG - Starting cleanup phase (inside context)...
2025-11-22 15:05:40 - DEBUG - Restoring 64 subdiv modifiers...
2025-11-22 15:05:40 - DEBUG - Subdiv cleanup done
2025-11-22 15:05:40 - DEBUG - Restoring 18 textures...
2025-11-22 15:05:40 - DEBUG - Texture cleanup done
2025-11-22 15:05:40 - DEBUG - Step 1: Restoring 96 mesh data swaps...
2025-11-22 15:05:40 - DEBUG - Step 1 done - mesh data restored
2025-11-22 15:05:40 - DEBUG - Step 2: Collecting 52 proxy object names for deferred removal...
2025-11-22 15:05:40 - DEBUG - Step 3: Collecting temp mesh names for deferred removal...
2025-11-22 15:05:40 - DEBUG - Collected 52 proxies and 96 temp meshes for deferred cleanup
2025-11-22 15:05:40 - DEBUG - Deferred cleanup scheduled
2025-11-22 15:05:40 - DEBUG - preserve_blender_state: Scheduling deferred restore for 51 objects...
2025-11-22 15:05:40 - DEBUG - FRAMO_OT_export_to_web.execute: Service returned {'FINISHED'}
2025-11-22 15:05:40 - DEBUG - FRAMO_OT_export_to_web.execute: About to return to Blender...
2025-11-22 15:05:41 - DEBUG - Deferred cleanup: Starting...
2025-11-22 15:05:41 - DEBUG - Deferred cleanup: Removed 52 proxy objects
2025-11-22 15:05:41 - DEBUG - Deferred cleanup: Removed temp meshes
2025-11-22 15:05:41 - DEBUG - Deferred cleanup: Removed 0 orphaned meshes
2025-11-22 15:05:41 - DEBUG - Deferred cleanup: Complete!
2025-11-22 15:05:41 - DEBUG - Deferred selection restore: Restoring 51 objects...
2025-11-22 15:05:41 - DEBUG - Deferred selection restore: Restored 51/51 selections
2025-11-22 15:05:41 - DEBUG - Deferred selection restore: Set active to body
2025-11-22 15:05:41 - DEBUG - Deferred selection restore: Complete!
